dropdb: database removal failed: ERROR:  database "test" does not exist
===== scale 100 =====
2018-02-20 04:01:51 : read-only run 1
2018-02-20 04:06:51 : read-only run 2
2018-02-20 04:11:51 : read-only run 3
2018-02-20 04:16:51 : read-only run 1 (prepared)
2018-02-20 04:21:51 : read-only run 2 (prepared)
2018-02-20 04:26:51 : read-only run 3 (prepared)
2018-02-20 04:31:51 : read-write run 1
2018-02-20 05:01:51 : read-write run 2
2018-02-20 05:31:51 : read-write run 3
2018-02-20 06:01:51 : read-write run 1 (prepared)
2018-02-20 06:31:51 : read-write run 2 (prepared)
2018-02-20 07:01:51 : read-write run 3 (prepared)
dropdb: database removal failed: ERROR:  database "test" does not exist
===== scale 1000 =====
2018-02-20 07:37:10 : read-only run 1
2018-02-20 07:42:10 : read-only run 2
2018-02-20 07:47:10 : read-only run 3
2018-02-20 07:52:10 : read-only run 1 (prepared)
2018-02-20 07:57:10 : read-only run 2 (prepared)
2018-02-20 08:02:10 : read-only run 3 (prepared)
2018-02-20 08:07:10 : read-write run 1
2018-02-20 08:37:10 : read-write run 2
2018-02-20 09:07:10 : read-write run 3
2018-02-20 09:37:10 : read-write run 1 (prepared)
2018-02-20 10:07:10 : read-write run 2 (prepared)
2018-02-20 10:37:10 : read-write run 3 (prepared)
dropdb: database removal failed: ERROR:  database "test" does not exist
===== scale 10000 =====
2018-02-20 12:24:08 : read-only run 1
2018-02-20 12:29:08 : read-only run 2
2018-02-20 12:34:08 : read-only run 3
2018-02-20 12:39:08 : read-only run 1 (prepared)
2018-02-20 12:44:08 : read-only run 2 (prepared)
2018-02-20 12:49:08 : read-only run 3 (prepared)
2018-02-20 12:54:08 : read-write run 1
2018-02-20 13:24:08 : read-write run 2
2018-02-20 13:54:08 : read-write run 3
2018-02-20 14:24:08 : read-write run 1 (prepared)
2018-02-20 14:54:08 : read-write run 2 (prepared)
2018-02-20 15:24:08 : read-write run 3 (prepared)
