2018-02-18 15:49:30.641 CET [3122] LOG:  listening on IPv6 address "::1", port 5432
2018-02-18 15:49:30.641 CET [3122] LOG:  listening on IPv4 address "127.0.0.1", port 5432
2018-02-18 15:49:30.642 CET [3122] LOG:  listening on Unix socket "/tmp/.s.PGSQL.5432"
2018-02-18 15:49:30.666 CET [3123] LOG:  database system was shut down at 2018-02-18 15:42:38 CET
2018-02-18 15:49:30.673 CET [3122] LOG:  database system is ready to accept connections
2018-02-18 15:49:34.591 CET [3151] ERROR:  database "test" does not exist
2018-02-18 15:49:34.591 CET [3151] STATEMENT:  DROP DATABASE test;
2018-02-18 15:49:34.597 CET [3124] LOG:  checkpoint starting: immediate force wait flush-all
2018-02-18 15:49:34.607 CET [3124] LOG:  checkpoint complete: wrote 3 buffers (0.0%); 0 WAL file(s) added, 0 removed, 0 recycled; write=0.002 s, sync=0.000 s, total=0.009 s; sync files=3, longest=0.000 s, average=0.000 s; distance=2 kB, estimate=2 kB
2018-02-18 15:49:34.818 CET [3124] LOG:  checkpoint starting: immediate force wait
2018-02-18 15:49:34.822 CET [3124] LOG:  checkpoint complete: wrote 0 buffers (0.0%); 0 WAL file(s) added, 0 removed, 0 recycled; write=0.001 s, sync=0.000 s, total=0.003 s; sync files=0, longest=0.000 s, average=0.000 s; distance=0 kB, estimate=2 kB
2018-02-18 15:49:41.847 CET [3204] FATAL:  role "test" does not exist
2018-02-18 15:49:41.849 CET [3206] FATAL:  role "test" does not exist
2018-02-18 16:04:34.918 CET [3124] LOG:  checkpoint starting: time
2018-02-18 16:08:08.346 CET [3124] LOG:  checkpoint complete: wrote 2132 buffers (1.6%); 0 WAL file(s) added, 39 removed, 0 recycled; write=213.309 s, sync=0.005 s, total=213.428 s; sync files=43, longest=0.000 s, average=0.000 s; distance=629551 kB, estimate=629551 kB
2018-02-18 16:19:41.932 CET [12807] FATAL:  role "test" does not exist
2018-02-18 16:34:34.285 CET [3124] LOG:  checkpoint starting: time
2018-02-18 16:48:04.407 CET [3124] LOG:  checkpoint complete: wrote 98511 buffers (75.2%); 0 WAL file(s) added, 151 removed, 0 recycled; write=809.792 s, sync=0.006 s, total=810.122 s; sync files=10, longest=0.003 s, average=0.000 s; distance=2476995 kB, estimate=2476995 kB
2018-02-18 16:49:34.426 CET [3124] LOG:  checkpoint starting: time
2018-02-18 17:03:04.397 CET [3124] LOG:  checkpoint complete: wrote 98535 buffers (75.2%); 0 WAL file(s) added, 129 removed, 22 recycled; write=809.645 s, sync=0.009 s, total=809.970 s; sync files=9, longest=0.007 s, average=0.001 s; distance=2467537 kB, estimate=2476049 kB
2018-02-18 17:04:34.486 CET [3124] LOG:  checkpoint starting: time
2018-02-18 17:18:04.378 CET [3124] LOG:  checkpoint complete: wrote 98449 buffers (75.1%); 0 WAL file(s) added, 124 removed, 26 recycled; write=809.579 s, sync=0.010 s, total=809.891 s; sync files=9, longest=0.007 s, average=0.001 s; distance=2467150 kB, estimate=2475159 kB
2018-02-18 17:19:34.467 CET [3124] LOG:  checkpoint starting: time
2018-02-18 17:33:04.313 CET [3124] LOG:  checkpoint complete: wrote 98338 buffers (75.0%); 0 WAL file(s) added, 123 removed, 27 recycled; write=809.553 s, sync=0.013 s, total=809.845 s; sync files=9, longest=0.008 s, average=0.001 s; distance=2459334 kB, estimate=2473577 kB
2018-02-18 17:34:34.344 CET [3124] LOG:  checkpoint starting: time
2018-02-18 17:48:04.360 CET [3124] LOG:  checkpoint complete: wrote 98294 buffers (75.0%); 0 WAL file(s) added, 123 removed, 27 recycled; write=809.683 s, sync=0.042 s, total=810.016 s; sync files=202, longest=0.003 s, average=0.000 s; distance=2454308 kB, estimate=2471650 kB
2018-02-18 17:49:34.450 CET [3124] LOG:  checkpoint starting: time
2018-02-18 17:49:41.999 CET [9081] FATAL:  role "test" does not exist
2018-02-18 18:03:04.244 CET [3124] LOG:  checkpoint complete: wrote 98600 buffers (75.2%); 0 WAL file(s) added, 150 removed, 0 recycled; write=809.542 s, sync=0.009 s, total=809.793 s; sync files=36, longest=0.002 s, average=0.000 s; distance=2457722 kB, estimate=2470257 kB
2018-02-18 18:04:34.334 CET [3124] LOG:  checkpoint starting: time
2018-02-18 18:18:04.281 CET [3124] LOG:  checkpoint complete: wrote 99032 buffers (75.6%); 0 WAL file(s) added, 151 removed, 32 recycled; write=809.690 s, sync=0.010 s, total=809.946 s; sync files=10, longest=0.007 s, average=0.001 s; distance=2989844 kB, estimate=2989844 kB
2018-02-18 18:19:34.372 CET [3124] LOG:  checkpoint starting: time
2018-02-18 18:33:04.251 CET [3124] LOG:  checkpoint complete: wrote 99236 buffers (75.7%); 0 WAL file(s) added, 148 removed, 33 recycled; write=809.636 s, sync=0.013 s, total=809.879 s; sync files=10, longest=0.010 s, average=0.001 s; distance=2977807 kB, estimate=2988640 kB
2018-02-18 18:34:34.336 CET [3124] LOG:  checkpoint starting: time
2018-02-18 18:48:04.299 CET [3124] LOG:  checkpoint complete: wrote 98863 buffers (75.4%); 0 WAL file(s) added, 148 removed, 34 recycled; write=809.710 s, sync=0.009 s, total=809.963 s; sync files=11, longest=0.006 s, average=0.000 s; distance=2971014 kB, estimate=2986878 kB
2018-02-18 18:49:34.328 CET [3124] LOG:  checkpoint starting: time
2018-02-18 19:03:04.311 CET [3124] LOG:  checkpoint complete: wrote 98801 buffers (75.4%); 0 WAL file(s) added, 146 removed, 34 recycled; write=809.722 s, sync=0.011 s, total=809.982 s; sync files=11, longest=0.009 s, average=0.001 s; distance=2955692 kB, estimate=2983759 kB
2018-02-18 19:04:34.401 CET [3124] LOG:  checkpoint starting: time
2018-02-18 19:18:04.263 CET [3124] LOG:  checkpoint complete: wrote 98847 buffers (75.4%); 0 WAL file(s) added, 141 removed, 39 recycled; write=809.618 s, sync=0.051 s, total=809.861 s; sync files=162, longest=0.011 s, average=0.000 s; distance=2952786 kB, estimate=2980662 kB
2018-02-18 19:19:34.321 CET [3124] LOG:  checkpoint starting: time
2018-02-18 19:19:42.194 CET [3124] LOG:  checkpoint complete: wrote 5590 buffers (4.3%); 0 WAL file(s) added, 0 removed, 174 recycled; write=7.736 s, sync=0.006 s, total=7.872 s; sync files=42, longest=0.000 s, average=0.000 s; distance=2844734 kB, estimate=2967069 kB
2018-02-18 19:19:42.194 CET [3124] LOG:  checkpoint starting: immediate force wait
2018-02-18 19:19:42.215 CET [3124] LOG:  checkpoint complete: wrote 2 buffers (0.0%); 0 WAL file(s) added, 0 removed, 22 recycled; write=0.001 s, sync=0.000 s, total=0.020 s; sync files=2, longest=0.000 s, average=0.000 s; distance=357932 kB, estimate=2706155 kB
2018-02-18 19:19:42.440 CET [14971] ERROR:  database "test" does not exist
2018-02-18 19:19:42.440 CET [14971] STATEMENT:  DROP DATABASE test;
2018-02-18 19:19:42.444 CET [3124] LOG:  checkpoint starting: immediate force wait flush-all
2018-02-18 19:19:42.452 CET [3124] LOG:  checkpoint complete: wrote 3 buffers (0.0%); 0 WAL file(s) added, 0 removed, 0 recycled; write=0.001 s, sync=0.000 s, total=0.007 s; sync files=3, longest=0.000 s, average=0.000 s; distance=2 kB, estimate=2435540 kB
2018-02-18 19:19:42.654 CET [3124] LOG:  checkpoint starting: immediate force wait
2018-02-18 19:19:42.658 CET [3124] LOG:  checkpoint complete: wrote 0 buffers (0.0%); 0 WAL file(s) added, 0 removed, 0 recycled; write=0.001 s, sync=0.000 s, total=0.003 s; sync files=0, longest=0.000 s, average=0.000 s; distance=0 kB, estimate=2191986 kB
2018-02-18 19:20:11.805 CET [15133] FATAL:  role "test" does not exist
2018-02-18 19:20:11.809 CET [15135] FATAL:  role "test" does not exist
2018-02-18 19:34:42.602 CET [3124] LOG:  checkpoint starting: time
2018-02-18 19:34:42.900 CET [3124] LOG:  checkpoint complete: wrote 1 buffers (0.0%); 0 WAL file(s) added, 32 removed, 121 recycled; write=0.101 s, sync=0.006 s, total=0.297 s; sync files=45, longest=0.000 s, average=0.000 s; distance=2517667 kB, estimate=2517667 kB
2018-02-18 19:50:11.944 CET [24726] FATAL:  role "test" does not exist
2018-02-18 20:04:42.934 CET [3124] LOG:  checkpoint starting: time
2018-02-18 20:18:12.779 CET [3124] LOG:  checkpoint complete: wrote 5048 buffers (3.9%); 0 WAL file(s) added, 231 removed, 30 recycled; write=809.111 s, sync=0.481 s, total=809.845 s; sync files=120, longest=0.203 s, average=0.003 s; distance=4269530 kB, estimate=4269530 kB
2018-02-18 20:19:42.717 CET [3124] LOG:  checkpoint starting: time
2018-02-18 20:33:12.720 CET [3124] LOG:  checkpoint complete: wrote 5321 buffers (4.1%); 0 WAL file(s) added, 242 removed, 22 recycled; write=809.272 s, sync=0.475 s, total=810.002 s; sync files=13, longest=0.153 s, average=0.036 s; distance=4327516 kB, estimate=4327516 kB
2018-02-18 20:34:42.518 CET [3124] LOG:  checkpoint starting: time
2018-02-18 20:48:12.705 CET [3124] LOG:  checkpoint complete: wrote 6986 buffers (5.3%); 0 WAL file(s) added, 241 removed, 36 recycled; write=809.502 s, sync=0.426 s, total=810.186 s; sync files=12, longest=0.182 s, average=0.035 s; distance=4529725 kB, estimate=4529725 kB
2018-02-18 20:49:42.183 CET [3124] LOG:  checkpoint starting: time
2018-02-18 21:03:12.827 CET [3124] LOG:  checkpoint complete: wrote 8054 buffers (6.1%); 0 WAL file(s) added, 237 removed, 38 recycled; write=809.799 s, sync=0.585 s, total=810.644 s; sync files=13, longest=0.278 s, average=0.045 s; distance=4513100 kB, estimate=4528063 kB
2018-02-18 21:04:42.072 CET [3124] LOG:  checkpoint starting: time
2018-02-18 21:18:12.861 CET [3124] LOG:  checkpoint complete: wrote 5027 buffers (3.8%); 0 WAL file(s) added, 236 removed, 38 recycled; write=809.962 s, sync=0.565 s, total=810.788 s; sync files=11, longest=0.259 s, average=0.051 s; distance=4491490 kB, estimate=4524405 kB
2018-02-18 21:19:42.687 CET [3124] LOG:  checkpoint starting: time
2018-02-18 21:20:12.019 CET [30350] FATAL:  role "test" does not exist
2018-02-18 21:33:12.787 CET [3124] LOG:  checkpoint complete: wrote 5528 buffers (4.2%); 0 WAL file(s) added, 263 removed, 12 recycled; write=809.321 s, sync=0.528 s, total=810.100 s; sync files=13, longest=0.273 s, average=0.040 s; distance=4505392 kB, estimate=4522504 kB
2018-02-18 21:34:42.979 CET [3124] LOG:  checkpoint starting: time
2018-02-18 21:48:12.525 CET [3124] LOG:  checkpoint complete: wrote 6877 buffers (5.2%); 0 WAL file(s) added, 263 removed, 40 recycled; write=809.053 s, sync=0.187 s, total=809.546 s; sync files=14, longest=0.140 s, average=0.013 s; distance=4965427 kB, estimate=4965427 kB
2018-02-18 21:49:42.723 CET [3124] LOG:  checkpoint starting: time
2018-02-18 22:03:12.501 CET [3124] LOG:  checkpoint complete: wrote 6792 buffers (5.2%); 0 WAL file(s) added, 266 removed, 37 recycled; write=809.351 s, sync=0.130 s, total=809.777 s; sync files=13, longest=0.046 s, average=0.010 s; distance=4967604 kB, estimate=4967604 kB
2018-02-18 22:04:42.920 CET [3124] LOG:  checkpoint starting: time
2018-02-18 22:18:12.883 CET [3124] LOG:  checkpoint complete: wrote 6192 buffers (4.7%); 0 WAL file(s) added, 265 removed, 42 recycled; write=809.126 s, sync=0.510 s, total=809.962 s; sync files=14, longest=0.292 s, average=0.036 s; distance=5028081 kB, estimate=5028081 kB
2018-02-18 22:19:42.969 CET [3124] LOG:  checkpoint starting: time
2018-02-18 22:33:12.489 CET [3124] LOG:  checkpoint complete: wrote 7048 buffers (5.4%); 0 WAL file(s) added, 263 removed, 43 recycled; write=809.041 s, sync=0.173 s, total=809.520 s; sync files=13, longest=0.072 s, average=0.013 s; distance=5014139 kB, estimate=5026687 kB
2018-02-18 22:34:42.646 CET [3124] LOG:  checkpoint starting: time
2018-02-18 22:48:12.940 CET [3124] LOG:  checkpoint complete: wrote 5660 buffers (4.3%); 0 WAL file(s) added, 264 removed, 42 recycled; write=809.427 s, sync=0.565 s, total=810.293 s; sync files=14, longest=0.234 s, average=0.040 s; distance=5010735 kB, estimate=5025092 kB
2018-02-18 22:49:42.518 CET [3124] LOG:  checkpoint starting: time
2018-02-18 22:50:12.087 CET [26421] FATAL:  terminating autovacuum process due to administrator command
2018-02-18 22:50:12.468 CET [3124] LOG:  checkpoint complete: wrote 6413 buffers (4.9%); 0 WAL file(s) added, 59 removed, 247 recycled; write=29.683 s, sync=0.000 s, total=29.949 s; sync files=0, longest=0.000 s, average=0.000 s; distance=5009355 kB, estimate=5023518 kB
2018-02-18 22:50:12.468 CET [3124] LOG:  checkpoint starting: immediate force wait
2018-02-18 22:50:12.553 CET [3124] LOG:  checkpoint complete: wrote 2 buffers (0.0%); 0 WAL file(s) added, 0 removed, 89 recycled; write=0.001 s, sync=0.000 s, total=0.084 s; sync files=2, longest=0.000 s, average=0.000 s; distance=1461936 kB, estimate=4667360 kB
2018-02-18 22:50:13.107 CET [26640] ERROR:  database "test" does not exist
2018-02-18 22:50:13.107 CET [26640] STATEMENT:  DROP DATABASE test;
2018-02-18 22:50:13.111 CET [3124] LOG:  checkpoint starting: immediate force wait flush-all
2018-02-18 22:50:13.119 CET [3124] LOG:  checkpoint complete: wrote 3 buffers (0.0%); 0 WAL file(s) added, 0 removed, 0 recycled; write=0.001 s, sync=0.000 s, total=0.007 s; sync files=3, longest=0.000 s, average=0.000 s; distance=2 kB, estimate=4200624 kB
2018-02-18 22:50:13.325 CET [3124] LOG:  checkpoint starting: immediate force wait
2018-02-18 22:50:13.329 CET [3124] LOG:  checkpoint complete: wrote 0 buffers (0.0%); 0 WAL file(s) added, 0 removed, 0 recycled; write=0.001 s, sync=0.000 s, total=0.003 s; sync files=0, longest=0.000 s, average=0.000 s; distance=0 kB, estimate=3780562 kB
2018-02-18 22:51:42.703 CET [3124] LOG:  checkpoint starting: xlog
2018-02-18 22:53:06.640 CET [27578] FATAL:  role "test" does not exist
2018-02-18 22:53:06.642 CET [27580] FATAL:  role "test" does not exist
2018-02-18 22:54:50.732 CET [3124] LOG:  checkpoint complete: wrote 27 buffers (0.0%); 0 WAL file(s) added, 283 removed, 255 recycled; write=187.331 s, sync=0.012 s, total=188.028 s; sync files=55, longest=0.000 s, average=0.000 s; distance=8810221 kB, estimate=8810221 kB
2018-02-18 23:23:06.815 CET [4812] FATAL:  role "test" does not exist
2018-02-18 23:27:59.469 CET [3124] LOG:  checkpoint starting: xlog
2018-02-18 23:33:01.001 CET [3124] LOG:  checkpoint complete: wrote 5528 buffers (4.2%); 0 WAL file(s) added, 537 removed, 1 recycled; write=300.455 s, sync=0.359 s, total=301.532 s; sync files=24, longest=0.082 s, average=0.014 s; distance=8808067 kB, estimate=8810006 kB
2018-02-18 23:33:49.216 CET [3124] LOG:  checkpoint starting: xlog
2018-02-18 23:39:21.066 CET [3124] LOG:  checkpoint complete: wrote 4929 buffers (3.8%); 0 WAL file(s) added, 537 removed, 1 recycled; write=331.091 s, sync=0.055 s, total=331.850 s; sync files=23, longest=0.015 s, average=0.002 s; distance=8814582 kB, estimate=8814582 kB
2018-02-18 23:40:14.345 CET [3124] LOG:  checkpoint starting: xlog
2018-02-18 23:45:54.707 CET [3124] LOG:  checkpoint complete: wrote 3597 buffers (2.7%); 0 WAL file(s) added, 537 removed, 1 recycled; write=339.183 s, sync=0.471 s, total=340.362 s; sync files=24, longest=0.158 s, average=0.019 s; distance=8814594 kB, estimate=8814594 kB
2018-02-18 23:46:36.592 CET [3124] LOG:  checkpoint starting: xlog
2018-02-18 23:51:42.957 CET [3124] LOG:  checkpoint complete: wrote 4751 buffers (3.6%); 0 WAL file(s) added, 537 removed, 1 recycled; write=305.537 s, sync=0.128 s, total=306.364 s; sync files=23, longest=0.023 s, average=0.005 s; distance=8814592 kB, estimate=8814594 kB
2018-02-18 23:52:31.027 CET [3124] LOG:  checkpoint starting: xlog
2018-02-18 23:57:45.749 CET [3124] LOG:  checkpoint complete: wrote 4128 buffers (3.1%); 0 WAL file(s) added, 537 removed, 1 recycled; write=313.944 s, sync=0.046 s, total=314.722 s; sync files=24, longest=0.009 s, average=0.001 s; distance=8814593 kB, estimate=8814594 kB
2018-02-18 23:58:59.972 CET [3124] LOG:  checkpoint starting: xlog
2018-02-19 00:06:24.736 CET [3124] LOG:  checkpoint complete: wrote 2542 buffers (1.9%); 0 WAL file(s) added, 537 removed, 1 recycled; write=443.783 s, sync=0.288 s, total=444.764 s; sync files=22, longest=0.027 s, average=0.013 s; distance=8814606 kB, estimate=8814606 kB
2018-02-19 00:07:41.457 CET [3124] LOG:  checkpoint starting: xlog
2018-02-19 00:15:25.864 CET [3124] LOG:  checkpoint complete: wrote 2536 buffers (1.9%); 0 WAL file(s) added, 537 removed, 1 recycled; write=463.214 s, sync=0.463 s, total=464.407 s; sync files=24, longest=0.042 s, average=0.019 s; distance=8814577 kB, estimate=8814603 kB
2018-02-19 00:16:39.426 CET [3124] LOG:  checkpoint starting: xlog
2018-02-19 00:22:04.161 CET [3124] LOG:  checkpoint complete: wrote 3831 buffers (2.9%); 0 WAL file(s) added, 537 removed, 1 recycled; write=323.942 s, sync=0.085 s, total=324.735 s; sync files=22, longest=0.023 s, average=0.003 s; distance=8814611 kB, estimate=8814611 kB
2018-02-19 00:22:57.473 CET [3124] LOG:  checkpoint starting: xlog
2018-02-19 00:29:20.007 CET [3124] LOG:  checkpoint complete: wrote 3065 buffers (2.3%); 0 WAL file(s) added, 537 removed, 1 recycled; write=381.423 s, sync=0.382 s, total=382.533 s; sync files=24, longest=0.099 s, average=0.015 s; distance=8814672 kB, estimate=8814672 kB
2018-02-19 00:30:25.089 CET [3124] LOG:  checkpoint starting: xlog
2018-02-19 00:36:05.783 CET [3124] LOG:  checkpoint complete: wrote 2653 buffers (2.0%); 0 WAL file(s) added, 537 removed, 1 recycled; write=339.770 s, sync=0.242 s, total=340.693 s; sync files=22, longest=0.076 s, average=0.011 s; distance=8814490 kB, estimate=8814654 kB
2018-02-19 00:36:41.358 CET [3124] LOG:  checkpoint starting: xlog
2018-02-19 00:42:02.921 CET [3124] LOG:  checkpoint complete: wrote 4034 buffers (3.1%); 0 WAL file(s) added, 537 removed, 1 recycled; write=320.246 s, sync=0.576 s, total=321.563 s; sync files=22, longest=0.193 s, average=0.026 s; distance=8814607 kB, estimate=8814649 kB
2018-02-19 00:42:55.956 CET [3124] LOG:  checkpoint starting: xlog
2018-02-19 00:48:54.576 CET [3124] LOG:  checkpoint complete: wrote 3696 buffers (2.8%); 0 WAL file(s) added, 537 removed, 1 recycled; write=357.289 s, sync=0.662 s, total=358.619 s; sync files=22, longest=0.226 s, average=0.030 s; distance=8814587 kB, estimate=8814643 kB
2018-02-19 00:49:48.693 CET [3124] LOG:  checkpoint starting: xlog
2018-02-19 00:53:06.908 CET [995] FATAL:  role "test" does not exist
2018-02-19 00:55:37.129 CET [3124] LOG:  checkpoint complete: wrote 3368 buffers (2.6%); 0 WAL file(s) added, 537 removed, 1 recycled; write=347.177 s, sync=0.545 s, total=348.436 s; sync files=21, longest=0.240 s, average=0.025 s; distance=8814724 kB, estimate=8814724 kB
2018-02-19 00:56:36.484 CET [3124] LOG:  checkpoint starting: xlog
2018-02-19 01:03:01.522 CET [3124] LOG:  checkpoint complete: wrote 3034 buffers (2.3%); 0 WAL file(s) added, 537 removed, 1 recycled; write=383.932 s, sync=0.407 s, total=385.037 s; sync files=22, longest=0.107 s, average=0.018 s; distance=8814505 kB, estimate=8814702 kB
2018-02-19 01:04:07.798 CET [3124] LOG:  checkpoint starting: xlog
2018-02-19 01:10:37.714 CET [3124] LOG:  checkpoint complete: wrote 2675 buffers (2.0%); 0 WAL file(s) added, 537 removed, 1 recycled; write=388.722 s, sync=0.468 s, total=389.915 s; sync files=24, longest=0.145 s, average=0.019 s; distance=8814536 kB, estimate=8814685 kB
2018-02-19 01:11:32.587 CET [3124] LOG:  checkpoint starting: xlog
2018-02-19 01:17:05.787 CET [3124] LOG:  checkpoint complete: wrote 3464 buffers (2.6%); 0 WAL file(s) added, 537 removed, 1 recycled; write=331.960 s, sync=0.523 s, total=333.199 s; sync files=22, longest=0.176 s, average=0.023 s; distance=8814639 kB, estimate=8814681 kB
2018-02-19 01:18:00.750 CET [3124] LOG:  checkpoint starting: xlog
2018-02-19 01:24:15.447 CET [3124] LOG:  checkpoint complete: wrote 3015 buffers (2.3%); 0 WAL file(s) added, 537 removed, 1 recycled; write=373.723 s, sync=0.239 s, total=374.696 s; sync files=21, longest=0.085 s, average=0.011 s; distance=8814573 kB, estimate=8814670 kB
2018-02-19 01:25:19.471 CET [3124] LOG:  checkpoint starting: xlog
2018-02-19 01:31:58.952 CET [3124] LOG:  checkpoint complete: wrote 2636 buffers (2.0%); 0 WAL file(s) added, 537 removed, 1 recycled; write=398.436 s, sync=0.306 s, total=399.481 s; sync files=25, longest=0.103 s, average=0.012 s; distance=8814575 kB, estimate=8814660 kB
2018-02-19 01:32:54.272 CET [3124] LOG:  checkpoint starting: xlog
2018-02-19 01:38:13.055 CET [3124] LOG:  checkpoint complete: wrote 3564 buffers (2.7%); 0 WAL file(s) added, 537 removed, 1 recycled; write=317.437 s, sync=0.633 s, total=318.782 s; sync files=20, longest=0.218 s, average=0.031 s; distance=8814585 kB, estimate=8814653 kB
2018-02-19 01:39:09.655 CET [3124] LOG:  checkpoint starting: xlog
2018-02-19 01:45:17.764 CET [3124] LOG:  checkpoint complete: wrote 3108 buffers (2.4%); 0 WAL file(s) added, 537 removed, 1 recycled; write=366.916 s, sync=0.489 s, total=368.108 s; sync files=26, longest=0.143 s, average=0.018 s; distance=8814596 kB, estimate=8814647 kB
2018-02-19 01:46:21.039 CET [3124] LOG:  checkpoint starting: xlog
2018-02-19 01:52:37.049 CET [3124] LOG:  checkpoint complete: wrote 2704 buffers (2.1%); 0 WAL file(s) added, 537 removed, 1 recycled; write=374.809 s, sync=0.424 s, total=376.010 s; sync files=26, longest=0.096 s, average=0.016 s; distance=8814596 kB, estimate=8814642 kB
2018-02-19 01:53:36.842 CET [3124] LOG:  checkpoint starting: xlog
2018-02-19 01:59:04.756 CET [3124] LOG:  checkpoint complete: wrote 3578 buffers (2.7%); 0 WAL file(s) added, 537 removed, 1 recycled; write=326.968 s, sync=0.227 s, total=327.914 s; sync files=24, longest=0.067 s, average=0.009 s; distance=8814588 kB, estimate=8814637 kB
2018-02-19 01:59:59.036 CET [3124] LOG:  checkpoint starting: xlog
2018-02-19 02:06:11.770 CET [3124] LOG:  checkpoint complete: wrote 3160 buffers (2.4%); 0 WAL file(s) added, 537 removed, 1 recycled; write=371.416 s, sync=0.574 s, total=372.734 s; sync files=20, longest=0.222 s, average=0.028 s; distance=8814581 kB, estimate=8814631 kB
2018-02-19 02:07:14.854 CET [3124] LOG:  checkpoint starting: xlog
2018-02-19 02:13:51.306 CET [3124] LOG:  checkpoint complete: wrote 2650 buffers (2.0%); 0 WAL file(s) added, 537 removed, 1 recycled; write=395.533 s, sync=0.193 s, total=396.451 s; sync files=23, longest=0.025 s, average=0.008 s; distance=8814631 kB, estimate=8814631 kB
2018-02-19 02:14:54.447 CET [3124] LOG:  checkpoint starting: xlog
2018-02-19 02:20:19.324 CET [3124] LOG:  checkpoint complete: wrote 3452 buffers (2.6%); 0 WAL file(s) added, 537 removed, 1 recycled; write=323.742 s, sync=0.376 s, total=324.877 s; sync files=20, longest=0.147 s, average=0.018 s; distance=8814565 kB, estimate=8814625 kB
2018-02-19 02:21:13.186 CET [3124] LOG:  checkpoint starting: xlog
2018-02-19 02:23:07.001 CET [26903] FATAL:  terminating autovacuum process due to administrator command
2018-02-19 02:23:07.609 CET [3124] LOG:  checkpoint complete: wrote 3068 buffers (2.3%); 0 WAL file(s) added, 234 removed, 304 recycled; write=113.904 s, sync=0.000 s, total=114.422 s; sync files=0, longest=0.000 s, average=0.000 s; distance=8814648 kB, estimate=8814648 kB
2018-02-19 02:23:07.609 CET [3124] LOG:  checkpoint starting: immediate force wait
2018-02-19 02:23:07.802 CET [3124] LOG:  checkpoint complete: wrote 1 buffers (0.0%); 0 WAL file(s) added, 0 removed, 181 recycled; write=0.001 s, sync=0.000 s, total=0.193 s; sync files=1, longest=0.000 s, average=0.000 s; distance=2973392 kB, estimate=8230522 kB
2018-02-19 02:38:07.820 CET [3124] LOG:  checkpoint starting: time
2018-02-19 02:38:07.931 CET [3124] LOG:  checkpoint complete: wrote 1 buffers (0.0%); 0 WAL file(s) added, 0 removed, 0 recycled; write=0.102 s, sync=0.000 s, total=0.110 s; sync files=1, longest=0.000 s, average=0.000 s; distance=0 kB, estimate=7407470 kB
2018-02-19 02:53:07.953 CET [3124] LOG:  checkpoint starting: time
2018-02-19 02:53:07.968 CET [3124] LOG:  checkpoint complete: wrote 0 buffers (0.0%); 0 WAL file(s) added, 0 removed, 0 recycled; write=0.001 s, sync=0.004 s, total=0.015 s; sync files=23, longest=0.001 s, average=0.000 s; distance=163 kB, estimate=6666739 kB
2018-02-19 05:08:08.775 CET [3124] LOG:  checkpoint starting: time
2018-02-19 05:08:08.803 CET [3124] LOG:  checkpoint complete: wrote 0 buffers (0.0%); 0 WAL file(s) added, 0 removed, 0 recycled; write=0.001 s, sync=0.015 s, total=0.027 s; sync files=23, longest=0.001 s, average=0.000 s; distance=146 kB, estimate=6000080 kB
2018-02-19 05:23:08.871 CET [3124] LOG:  checkpoint starting: time
2018-02-19 05:23:08.883 CET [3124] LOG:  checkpoint complete: wrote 0 buffers (0.0%); 0 WAL file(s) added, 0 removed, 0 recycled; write=0.001 s, sync=0.002 s, total=0.011 s; sync files=17, longest=0.000 s, average=0.000 s; distance=129 kB, estimate=5400085 kB
2018-02-19 05:38:08.982 CET [3124] LOG:  checkpoint starting: time
2018-02-19 05:38:09.004 CET [3124] LOG:  checkpoint complete: wrote 0 buffers (0.0%); 0 WAL file(s) added, 0 removed, 0 recycled; write=0.001 s, sync=0.000 s, total=0.022 s; sync files=1, longest=0.000 s, average=0.000 s; distance=8 kB, estimate=4860077 kB
2018-02-19 12:22:16.385 CET [3122] LOG:  received smart shutdown request
2018-02-19 12:22:16.386 CET [3122] LOG:  background worker "logical replication launcher" (PID 3129) exited with exit code 1
2018-02-19 12:22:16.397 CET [3124] LOG:  shutting down
2018-02-19 12:22:16.398 CET [3124] LOG:  checkpoint starting: shutdown immediate
2018-02-19 12:22:16.402 CET [3124] LOG:  checkpoint complete: wrote 0 buffers (0.0%); 0 WAL file(s) added, 0 removed, 0 recycled; write=0.001 s, sync=0.000 s, total=0.004 s; sync files=0, longest=0.000 s, average=0.000 s; distance=0 kB, estimate=4374069 kB
2018-02-19 12:22:16.475 CET [3122] LOG:  database system is shut down
