dropdb: database removal failed: ERROR:  database "test" does not exist
===== scale 50 =====
2018-02-18 15:49:41 : read-only run 1
2018-02-18 15:54:41 : read-only run 2
2018-02-18 15:59:41 : read-only run 3
2018-02-18 16:04:41 : read-only run 1 (prepared)
2018-02-18 16:09:41 : read-only run 2 (prepared)
2018-02-18 16:14:41 : read-only run 3 (prepared)
2018-02-18 16:19:41 : read-write run 1
2018-02-18 16:49:41 : read-write run 2
2018-02-18 17:19:41 : read-write run 3
2018-02-18 17:49:42 : read-write run 1 (prepared)
2018-02-18 18:19:42 : read-write run 2 (prepared)
2018-02-18 18:49:42 : read-write run 3 (prepared)
dropdb: database removal failed: ERROR:  database "test" does not exist
===== scale 200 =====
2018-02-18 19:20:11 : read-only run 1
2018-02-18 19:25:11 : read-only run 2
2018-02-18 19:30:11 : read-only run 3
2018-02-18 19:35:11 : read-only run 1 (prepared)
2018-02-18 19:40:11 : read-only run 2 (prepared)
2018-02-18 19:45:11 : read-only run 3 (prepared)
2018-02-18 19:50:11 : read-write run 1
2018-02-18 20:20:11 : read-write run 2
2018-02-18 20:50:11 : read-write run 3
2018-02-18 21:20:12 : read-write run 1 (prepared)
2018-02-18 21:50:12 : read-write run 2 (prepared)
2018-02-18 22:20:12 : read-write run 3 (prepared)
dropdb: database removal failed: ERROR:  database "test" does not exist
===== scale 1000 =====
2018-02-18 22:53:06 : read-only run 1
2018-02-18 22:58:06 : read-only run 2
2018-02-18 23:03:06 : read-only run 3
2018-02-18 23:08:06 : read-only run 1 (prepared)
2018-02-18 23:13:06 : read-only run 2 (prepared)
2018-02-18 23:18:06 : read-only run 3 (prepared)
2018-02-18 23:23:06 : read-write run 1
2018-02-18 23:53:06 : read-write run 2
2018-02-19 00:23:06 : read-write run 3
2018-02-19 00:53:06 : read-write run 1 (prepared)
2018-02-19 01:23:06 : read-write run 2 (prepared)
2018-02-19 01:53:06 : read-write run 3 (prepared)
