dropdb: database removal failed: ERROR:  database "test" does not exist
===== scale 50 =====
2018-02-20 04:58:05 : read-only run 1
2018-02-20 05:03:05 : read-only run 2
2018-02-20 05:08:05 : read-only run 3
2018-02-20 05:13:05 : read-only run 1 (prepared)
2018-02-20 05:18:05 : read-only run 2 (prepared)
2018-02-20 05:23:05 : read-only run 3 (prepared)
2018-02-20 05:28:05 : read-write run 1
2018-02-20 05:58:05 : read-write run 2
2018-02-20 06:28:05 : read-write run 3
2018-02-20 06:58:05 : read-write run 1 (prepared)
2018-02-20 07:28:05 : read-write run 2 (prepared)
2018-02-20 07:58:05 : read-write run 3 (prepared)
dropdb: database removal failed: ERROR:  database "test" does not exist
===== scale 200 =====
2018-02-20 08:28:32 : read-only run 1
2018-02-20 08:33:32 : read-only run 2
2018-02-20 08:38:32 : read-only run 3
2018-02-20 08:43:32 : read-only run 1 (prepared)
2018-02-20 08:48:32 : read-only run 2 (prepared)
2018-02-20 08:53:32 : read-only run 3 (prepared)
2018-02-20 08:58:33 : read-write run 1
2018-02-20 09:28:33 : read-write run 2
2018-02-20 09:58:33 : read-write run 3
2018-02-20 10:28:33 : read-write run 1 (prepared)
2018-02-20 10:58:33 : read-write run 2 (prepared)
2018-02-20 11:28:33 : read-write run 3 (prepared)
dropdb: database removal failed: ERROR:  database "test" does not exist
===== scale 1000 =====
2018-02-20 12:01:15 : read-only run 1
2018-02-20 12:06:15 : read-only run 2
2018-02-20 12:11:15 : read-only run 3
2018-02-20 12:16:15 : read-only run 1 (prepared)
2018-02-20 12:21:15 : read-only run 2 (prepared)
2018-02-20 12:26:15 : read-only run 3 (prepared)
2018-02-20 12:31:15 : read-write run 1
2018-02-20 13:01:15 : read-write run 2
2018-02-20 13:31:15 : read-write run 3
2018-02-20 14:01:15 : read-write run 1 (prepared)
2018-02-20 14:31:15 : read-write run 2 (prepared)
2018-02-20 15:01:15 : read-write run 3 (prepared)
