2018-02-17 15:46:38.657 CET [3102] LOG:  listening on IPv6 address "::1", port 5432
2018-02-17 15:46:38.657 CET [3102] LOG:  listening on IPv4 address "127.0.0.1", port 5432
2018-02-17 15:46:38.658 CET [3102] LOG:  listening on Unix socket "/tmp/.s.PGSQL.5432"
2018-02-17 15:46:38.676 CET [3103] LOG:  database system was shut down at 2018-02-17 15:40:13 CET
2018-02-17 15:46:38.684 CET [3102] LOG:  database system is ready to accept connections
2018-02-17 15:47:23.038 CET [3134] ERROR:  database "test" does not exist
2018-02-17 15:47:23.038 CET [3134] STATEMENT:  DROP DATABASE test;
2018-02-17 15:47:23.043 CET [3104] LOG:  checkpoint starting: immediate force wait flush-all
2018-02-17 15:47:23.055 CET [3104] LOG:  checkpoint complete: wrote 3 buffers (0.0%); 0 WAL file(s) added, 0 removed, 0 recycled; write=0.002 s, sync=0.000 s, total=0.011 s; sync files=3, longest=0.000 s, average=0.000 s; distance=2 kB, estimate=2 kB
2018-02-17 15:47:23.263 CET [3104] LOG:  checkpoint starting: immediate force wait
2018-02-17 15:47:23.266 CET [3104] LOG:  checkpoint complete: wrote 0 buffers (0.0%); 0 WAL file(s) added, 0 removed, 0 recycled; write=0.001 s, sync=0.000 s, total=0.003 s; sync files=0, longest=0.000 s, average=0.000 s; distance=0 kB, estimate=2 kB
2018-02-17 15:47:29.605 CET [3183] FATAL:  role "test" does not exist
2018-02-17 15:47:29.607 CET [3185] FATAL:  role "test" does not exist
2018-02-17 16:02:23.920 CET [3104] LOG:  checkpoint starting: time
2018-02-17 16:05:57.339 CET [3104] LOG:  checkpoint complete: wrote 2132 buffers (1.6%); 0 WAL file(s) added, 38 removed, 0 recycled; write=213.307 s, sync=0.005 s, total=213.418 s; sync files=43, longest=0.000 s, average=0.000 s; distance=629551 kB, estimate=629551 kB
2018-02-17 16:17:29.678 CET [12825] FATAL:  role "test" does not exist
2018-02-17 16:32:23.975 CET [3104] LOG:  checkpoint starting: time
2018-02-17 16:45:53.431 CET [3104] LOG:  checkpoint complete: wrote 98599 buffers (75.2%); 0 WAL file(s) added, 161 removed, 0 recycled; write=809.085 s, sync=0.007 s, total=809.455 s; sync files=10, longest=0.005 s, average=0.000 s; distance=2637683 kB, estimate=2637683 kB
2018-02-17 16:47:23.444 CET [3104] LOG:  checkpoint starting: time
2018-02-17 17:00:53.327 CET [3104] LOG:  checkpoint complete: wrote 98597 buffers (75.2%); 0 WAL file(s) added, 131 removed, 29 recycled; write=809.567 s, sync=0.011 s, total=809.883 s; sync files=10, longest=0.008 s, average=0.001 s; distance=2622479 kB, estimate=2636163 kB
2018-02-17 17:02:23.417 CET [3104] LOG:  checkpoint starting: time
2018-02-17 17:15:53.362 CET [3104] LOG:  checkpoint complete: wrote 98492 buffers (75.1%); 0 WAL file(s) added, 131 removed, 29 recycled; write=809.636 s, sync=0.009 s, total=809.945 s; sync files=12, longest=0.005 s, average=0.000 s; distance=2619900 kB, estimate=2634536 kB
2018-02-17 17:17:23.453 CET [3104] LOG:  checkpoint starting: time
2018-02-17 17:30:53.337 CET [3104] LOG:  checkpoint complete: wrote 98397 buffers (75.1%); 0 WAL file(s) added, 131 removed, 29 recycled; write=809.560 s, sync=0.038 s, total=809.883 s; sync files=148, longest=0.008 s, average=0.000 s; distance=2607596 kB, estimate=2631842 kB
2018-02-17 17:32:23.415 CET [3104] LOG:  checkpoint starting: time
2018-02-17 17:45:53.363 CET [3104] LOG:  checkpoint complete: wrote 98515 buffers (75.2%); 0 WAL file(s) added, 129 removed, 30 recycled; write=809.661 s, sync=0.019 s, total=809.948 s; sync files=88, longest=0.001 s, average=0.000 s; distance=2608632 kB, estimate=2629521 kB
2018-02-17 17:47:23.428 CET [3104] LOG:  checkpoint starting: time
2018-02-17 17:47:29.741 CET [9113] FATAL:  role "test" does not exist
2018-02-17 18:00:53.308 CET [3104] LOG:  checkpoint complete: wrote 98617 buffers (75.2%); 0 WAL file(s) added, 151 removed, 7 recycled; write=809.646 s, sync=0.013 s, total=809.879 s; sync files=11, longest=0.010 s, average=0.001 s; distance=2587946 kB, estimate=2625364 kB
2018-02-17 18:02:23.398 CET [3104] LOG:  checkpoint starting: time
2018-02-17 18:15:53.277 CET [3104] LOG:  checkpoint complete: wrote 99165 buffers (75.7%); 0 WAL file(s) added, 152 removed, 32 recycled; write=809.636 s, sync=0.016 s, total=809.878 s; sync files=10, longest=0.014 s, average=0.001 s; distance=3025260 kB, estimate=3025260 kB
2018-02-17 18:17:23.290 CET [3104] LOG:  checkpoint starting: time
2018-02-17 18:30:53.228 CET [3104] LOG:  checkpoint complete: wrote 98724 buffers (75.3%); 0 WAL file(s) added, 152 removed, 32 recycled; write=809.698 s, sync=0.007 s, total=809.937 s; sync files=11, longest=0.002 s, average=0.000 s; distance=3013929 kB, estimate=3024127 kB
2018-02-17 18:32:23.314 CET [3104] LOG:  checkpoint starting: time
2018-02-17 18:45:53.250 CET [3104] LOG:  checkpoint complete: wrote 99356 buffers (75.8%); 0 WAL file(s) added, 151 removed, 33 recycled; write=809.698 s, sync=0.009 s, total=809.935 s; sync files=11, longest=0.007 s, average=0.000 s; distance=3011636 kB, estimate=3022878 kB
2018-02-17 18:47:23.340 CET [3104] LOG:  checkpoint starting: time
2018-02-17 19:00:53.262 CET [3104] LOG:  checkpoint complete: wrote 99058 buffers (75.6%); 0 WAL file(s) added, 149 removed, 34 recycled; write=809.672 s, sync=0.013 s, total=809.921 s; sync files=11, longest=0.010 s, average=0.001 s; distance=2994155 kB, estimate=3020006 kB
2018-02-17 19:02:23.353 CET [3104] LOG:  checkpoint starting: time
2018-02-17 19:15:53.283 CET [3104] LOG:  checkpoint complete: wrote 99009 buffers (75.5%); 0 WAL file(s) added, 147 removed, 35 recycled; write=809.660 s, sync=0.013 s, total=809.929 s; sync files=12, longest=0.010 s, average=0.001 s; distance=2991488 kB, estimate=3017154 kB
2018-02-17 19:17:23.337 CET [3104] LOG:  checkpoint starting: time
2018-02-17 19:17:29.951 CET [3104] LOG:  checkpoint complete: wrote 5031 buffers (3.8%); 0 WAL file(s) added, 1 removed, 182 recycled; write=6.491 s, sync=0.000 s, total=6.613 s; sync files=0, longest=0.000 s, average=0.000 s; distance=2982702 kB, estimate=3013709 kB
2018-02-17 19:17:29.951 CET [3104] LOG:  checkpoint starting: immediate force wait
2018-02-17 19:17:29.967 CET [3104] LOG:  checkpoint complete: wrote 2 buffers (0.0%); 0 WAL file(s) added, 0 removed, 19 recycled; write=0.001 s, sync=0.000 s, total=0.016 s; sync files=2, longest=0.000 s, average=0.000 s; distance=317082 kB, estimate=2744046 kB
2018-02-17 19:17:30.283 CET [5347] ERROR:  database "test" does not exist
2018-02-17 19:17:30.283 CET [5347] STATEMENT:  DROP DATABASE test;
2018-02-17 19:17:30.287 CET [3104] LOG:  checkpoint starting: immediate force wait flush-all
2018-02-17 19:17:30.295 CET [3104] LOG:  checkpoint complete: wrote 3 buffers (0.0%); 0 WAL file(s) added, 0 removed, 0 recycled; write=0.002 s, sync=0.000 s, total=0.007 s; sync files=3, longest=0.000 s, average=0.000 s; distance=2 kB, estimate=2469642 kB
2018-02-17 19:17:30.494 CET [3104] LOG:  checkpoint starting: immediate force wait
2018-02-17 19:17:30.498 CET [3104] LOG:  checkpoint complete: wrote 0 buffers (0.0%); 0 WAL file(s) added, 0 removed, 0 recycled; write=0.001 s, sync=0.000 s, total=0.003 s; sync files=0, longest=0.000 s, average=0.000 s; distance=0 kB, estimate=2222678 kB
2018-02-17 19:17:56.638 CET [5529] FATAL:  role "test" does not exist
2018-02-17 19:17:56.639 CET [5531] FATAL:  role "test" does not exist
2018-02-17 19:32:30.158 CET [3104] LOG:  checkpoint starting: time
2018-02-17 19:32:30.421 CET [3104] LOG:  checkpoint complete: wrote 1 buffers (0.0%); 0 WAL file(s) added, 35 removed, 119 recycled; write=0.101 s, sync=0.016 s, total=0.263 s; sync files=45, longest=0.000 s, average=0.000 s; distance=2517667 kB, estimate=2517667 kB
2018-02-17 19:47:56.742 CET [15161] FATAL:  role "test" does not exist
2018-02-17 20:02:30.155 CET [3104] LOG:  checkpoint starting: time
2018-02-17 20:16:00.805 CET [3104] LOG:  checkpoint complete: wrote 5953 buffers (4.5%); 0 WAL file(s) added, 245 removed, 35 recycled; write=809.880 s, sync=0.419 s, total=810.649 s; sync files=13, longest=0.195 s, average=0.032 s; distance=4593223 kB, estimate=4593223 kB
2018-02-17 20:17:30.304 CET [3104] LOG:  checkpoint starting: time
2018-02-17 20:31:00.678 CET [3104] LOG:  checkpoint complete: wrote 9281 buffers (7.1%); 0 WAL file(s) added, 248 removed, 33 recycled; write=809.701 s, sync=0.421 s, total=810.373 s; sync files=11, longest=0.164 s, average=0.038 s; distance=4609901 kB, estimate=4609901 kB
2018-02-17 20:32:30.114 CET [3104] LOG:  checkpoint starting: time
2018-02-17 20:46:00.495 CET [3104] LOG:  checkpoint complete: wrote 7840 buffers (6.0%); 0 WAL file(s) added, 246 removed, 38 recycled; write=809.901 s, sync=0.206 s, total=810.381 s; sync files=11, longest=0.061 s, average=0.018 s; distance=4654114 kB, estimate=4654114 kB
2018-02-17 20:47:30.161 CET [3104] LOG:  checkpoint starting: time
2018-02-17 21:01:00.796 CET [3104] LOG:  checkpoint complete: wrote 6459 buffers (4.9%); 0 WAL file(s) added, 242 removed, 41 recycled; write=809.868 s, sync=0.489 s, total=810.635 s; sync files=11, longest=0.198 s, average=0.044 s; distance=4629558 kB, estimate=4651658 kB
2018-02-17 21:02:30.898 CET [3104] LOG:  checkpoint starting: time
2018-02-17 21:16:00.901 CET [3104] LOG:  checkpoint complete: wrote 6511 buffers (5.0%); 0 WAL file(s) added, 240 removed, 41 recycled; write=809.173 s, sync=0.552 s, total=810.003 s; sync files=11, longest=0.226 s, average=0.050 s; distance=4609187 kB, estimate=4647411 kB
2018-02-17 21:17:30.730 CET [3104] LOG:  checkpoint starting: time
2018-02-17 21:17:56.808 CET [11407] FATAL:  role "test" does not exist
2018-02-17 21:31:00.941 CET [3104] LOG:  checkpoint complete: wrote 5461 buffers (4.2%); 0 WAL file(s) added, 265 removed, 17 recycled; write=809.318 s, sync=0.639 s, total=810.211 s; sync files=12, longest=0.282 s, average=0.053 s; distance=4610377 kB, estimate=4643708 kB
2018-02-17 21:32:30.431 CET [3104] LOG:  checkpoint starting: time
2018-02-17 21:46:00.773 CET [3104] LOG:  checkpoint complete: wrote 5294 buffers (4.0%); 0 WAL file(s) added, 256 removed, 52 recycled; write=809.563 s, sync=0.439 s, total=810.341 s; sync files=204, longest=0.133 s, average=0.002 s; distance=5046966 kB, estimate=5046966 kB
2018-02-17 21:47:30.283 CET [3104] LOG:  checkpoint starting: time
2018-02-17 22:01:00.657 CET [3104] LOG:  checkpoint complete: wrote 6245 buffers (4.8%); 0 WAL file(s) added, 221 removed, 78 recycled; write=809.739 s, sync=0.301 s, total=810.374 s; sync files=107, longest=0.112 s, average=0.002 s; distance=4899337 kB, estimate=5032203 kB
2018-02-17 22:02:30.047 CET [3104] LOG:  checkpoint starting: time
2018-02-17 22:16:00.736 CET [3104] LOG:  checkpoint complete: wrote 4822 buffers (3.7%); 0 WAL file(s) added, 212 removed, 65 recycled; write=809.985 s, sync=0.410 s, total=810.688 s; sync files=16, longest=0.273 s, average=0.025 s; distance=4550675 kB, estimate=4984051 kB
2018-02-17 22:17:30.908 CET [3104] LOG:  checkpoint starting: time
2018-02-17 22:31:00.815 CET [3104] LOG:  checkpoint complete: wrote 5347 buffers (4.1%); 0 WAL file(s) added, 265 removed, 41 recycled; write=809.111 s, sync=0.500 s, total=809.907 s; sync files=14, longest=0.158 s, average=0.035 s; distance=5008347 kB, estimate=5008347 kB
2018-02-17 22:32:30.530 CET [3104] LOG:  checkpoint starting: time
2018-02-17 22:46:00.581 CET [3104] LOG:  checkpoint complete: wrote 5697 buffers (4.3%); 0 WAL file(s) added, 262 removed, 43 recycled; write=809.500 s, sync=0.263 s, total=810.050 s; sync files=13, longest=0.095 s, average=0.020 s; distance=4998621 kB, estimate=5007374 kB
2018-02-17 22:47:30.601 CET [3104] LOG:  checkpoint starting: time
2018-02-17 22:47:56.888 CET [12853] FATAL:  terminating autovacuum process due to administrator command
2018-02-17 22:47:57.223 CET [3104] LOG:  checkpoint complete: wrote 5774 buffers (4.4%); 0 WAL file(s) added, 50 removed, 254 recycled; write=26.400 s, sync=0.000 s, total=26.622 s; sync files=0, longest=0.000 s, average=0.000 s; distance=4984180 kB, estimate=5005055 kB
2018-02-17 22:47:57.223 CET [3104] LOG:  checkpoint starting: immediate force wait
2018-02-17 22:47:57.286 CET [3104] LOG:  checkpoint complete: wrote 2 buffers (0.0%); 0 WAL file(s) added, 0 removed, 82 recycled; write=0.001 s, sync=0.000 s, total=0.062 s; sync files=2, longest=0.000 s, average=0.000 s; distance=1341263 kB, estimate=4638676 kB
2018-02-17 22:47:57.802 CET [13027] ERROR:  database "test" does not exist
2018-02-17 22:47:57.802 CET [13027] STATEMENT:  DROP DATABASE test;
2018-02-17 22:47:57.806 CET [3104] LOG:  checkpoint starting: immediate force wait flush-all
2018-02-17 22:47:57.814 CET [3104] LOG:  checkpoint complete: wrote 3 buffers (0.0%); 0 WAL file(s) added, 0 removed, 0 recycled; write=0.001 s, sync=0.000 s, total=0.007 s; sync files=3, longest=0.000 s, average=0.000 s; distance=2 kB, estimate=4174808 kB
2018-02-17 22:47:58.010 CET [3104] LOG:  checkpoint starting: immediate force wait
2018-02-17 22:47:58.013 CET [3104] LOG:  checkpoint complete: wrote 0 buffers (0.0%); 0 WAL file(s) added, 0 removed, 0 recycled; write=0.001 s, sync=0.000 s, total=0.003 s; sync files=0, longest=0.000 s, average=0.000 s; distance=0 kB, estimate=3757327 kB
2018-02-17 22:49:21.193 CET [3104] LOG:  checkpoint starting: xlog
2018-02-17 22:50:37.971 CET [13856] FATAL:  role "test" does not exist
2018-02-17 22:50:37.973 CET [13860] FATAL:  role "test" does not exist
2018-02-17 22:52:27.567 CET [3104] LOG:  checkpoint complete: wrote 27 buffers (0.0%); 0 WAL file(s) added, 284 removed, 254 recycled; write=185.719 s, sync=0.013 s, total=186.373 s; sync files=55, longest=0.000 s, average=0.000 s; distance=8811360 kB, estimate=8811360 kB
2018-02-17 23:20:38.155 CET [23468] FATAL:  role "test" does not exist
2018-02-17 23:25:22.513 CET [3104] LOG:  checkpoint starting: xlog
2018-02-17 23:30:21.045 CET [3104] LOG:  checkpoint complete: wrote 5531 buffers (4.2%); 0 WAL file(s) added, 537 removed, 1 recycled; write=297.543 s, sync=0.290 s, total=298.531 s; sync files=24, longest=0.077 s, average=0.012 s; distance=8804787 kB, estimate=8810703 kB
2018-02-17 23:31:08.797 CET [3104] LOG:  checkpoint starting: xlog
2018-02-17 23:36:36.116 CET [3104] LOG:  checkpoint complete: wrote 4876 buffers (3.7%); 0 WAL file(s) added, 537 removed, 1 recycled; write=326.369 s, sync=0.180 s, total=327.319 s; sync files=24, longest=0.038 s, average=0.007 s; distance=8814579 kB, estimate=8814579 kB
2018-02-17 23:37:29.563 CET [3104] LOG:  checkpoint starting: xlog
2018-02-17 23:43:17.143 CET [3104] LOG:  checkpoint complete: wrote 3667 buffers (2.8%); 0 WAL file(s) added, 537 removed, 1 recycled; write=346.392 s, sync=0.434 s, total=347.579 s; sync files=23, longest=0.069 s, average=0.018 s; distance=8814604 kB, estimate=8814604 kB
2018-02-17 23:43:59.159 CET [3104] LOG:  checkpoint starting: xlog
2018-02-17 23:48:57.375 CET [3104] LOG:  checkpoint complete: wrote 4688 buffers (3.6%); 0 WAL file(s) added, 537 removed, 1 recycled; write=297.010 s, sync=0.465 s, total=298.216 s; sync files=24, longest=0.156 s, average=0.019 s; distance=8814576 kB, estimate=8814601 kB
2018-02-17 23:49:47.143 CET [3104] LOG:  checkpoint starting: xlog
2018-02-17 23:54:59.389 CET [3104] LOG:  checkpoint complete: wrote 4184 buffers (3.2%); 0 WAL file(s) added, 537 removed, 1 recycled; write=310.925 s, sync=0.591 s, total=312.245 s; sync files=22, longest=0.213 s, average=0.026 s; distance=8814609 kB, estimate=8814609 kB
2018-02-17 23:55:48.547 CET [3104] LOG:  checkpoint starting: xlog
2018-02-18 00:03:09.144 CET [3104] LOG:  checkpoint complete: wrote 2524 buffers (1.9%); 0 WAL file(s) added, 537 removed, 1 recycled; write=439.767 s, sync=0.142 s, total=440.597 s; sync files=24, longest=0.015 s, average=0.005 s; distance=8814587 kB, estimate=8814607 kB
2018-02-18 00:04:25.128 CET [3104] LOG:  checkpoint starting: xlog
2018-02-18 00:12:09.173 CET [3104] LOG:  checkpoint complete: wrote 2551 buffers (1.9%); 0 WAL file(s) added, 537 removed, 1 recycled; write=462.904 s, sync=0.468 s, total=464.044 s; sync files=22, longest=0.043 s, average=0.021 s; distance=8814604 kB, estimate=8814607 kB
2018-02-18 00:13:30.865 CET [3104] LOG:  checkpoint starting: xlog
2018-02-18 00:19:10.333 CET [3104] LOG:  checkpoint complete: wrote 2471 buffers (1.9%); 0 WAL file(s) added, 537 removed, 1 recycled; write=338.138 s, sync=0.592 s, total=339.467 s; sync files=23, longest=0.316 s, average=0.025 s; distance=8814587 kB, estimate=8814605 kB
2018-02-18 00:20:04.505 CET [3104] LOG:  checkpoint starting: xlog
2018-02-18 00:26:37.047 CET [3104] LOG:  checkpoint complete: wrote 3184 buffers (2.4%); 0 WAL file(s) added, 537 removed, 1 recycled; write=391.430 s, sync=0.392 s, total=392.542 s; sync files=24, longest=0.143 s, average=0.016 s; distance=8814579 kB, estimate=8814602 kB
2018-02-18 00:27:44.750 CET [3104] LOG:  checkpoint starting: xlog
2018-02-18 00:33:46.333 CET [3104] LOG:  checkpoint complete: wrote 2833 buffers (2.2%); 0 WAL file(s) added, 537 removed, 1 recycled; write=360.579 s, sync=0.260 s, total=361.582 s; sync files=22, longest=0.095 s, average=0.011 s; distance=8814589 kB, estimate=8814601 kB
2018-02-18 00:34:23.868 CET [3104] LOG:  checkpoint starting: xlog
2018-02-18 00:40:08.882 CET [3104] LOG:  checkpoint complete: wrote 4212 buffers (3.2%); 0 WAL file(s) added, 537 removed, 1 recycled; write=343.765 s, sync=0.423 s, total=345.013 s; sync files=22, longest=0.183 s, average=0.019 s; distance=8814587 kB, estimate=8814599 kB
2018-02-18 00:41:06.524 CET [3104] LOG:  checkpoint starting: xlog
2018-02-18 00:47:43.740 CET [3104] LOG:  checkpoint complete: wrote 3897 buffers (3.0%); 0 WAL file(s) added, 537 removed, 1 recycled; write=396.236 s, sync=0.248 s, total=397.216 s; sync files=23, longest=0.092 s, average=0.010 s; distance=8814605 kB, estimate=8814605 kB
2018-02-18 00:48:42.479 CET [3104] LOG:  checkpoint starting: xlog
2018-02-18 00:50:38.248 CET [19756] FATAL:  role "test" does not exist
2018-02-18 00:54:30.548 CET [3104] LOG:  checkpoint complete: wrote 3270 buffers (2.5%); 0 WAL file(s) added, 537 removed, 1 recycled; write=347.073 s, sync=0.237 s, total=348.068 s; sync files=23, longest=0.070 s, average=0.010 s; distance=8814591 kB, estimate=8814603 kB
2018-02-18 00:55:29.896 CET [3104] LOG:  checkpoint starting: xlog
2018-02-18 01:01:56.530 CET [3104] LOG:  checkpoint complete: wrote 2810 buffers (2.1%); 0 WAL file(s) added, 537 removed, 1 recycled; write=385.426 s, sync=0.496 s, total=386.634 s; sync files=22, longest=0.042 s, average=0.022 s; distance=8814657 kB, estimate=8814657 kB
2018-02-18 01:03:00.979 CET [3104] LOG:  checkpoint starting: xlog
2018-02-18 01:09:47.092 CET [3104] LOG:  checkpoint complete: wrote 2370 buffers (1.8%); 0 WAL file(s) added, 537 removed, 1 recycled; write=404.826 s, sync=0.554 s, total=406.113 s; sync files=25, longest=0.243 s, average=0.022 s; distance=8814514 kB, estimate=8814643 kB
2018-02-18 01:10:41.571 CET [3104] LOG:  checkpoint starting: xlog
2018-02-18 01:16:00.224 CET [3104] LOG:  checkpoint complete: wrote 3288 buffers (2.5%); 0 WAL file(s) added, 537 removed, 1 recycled; write=317.522 s, sync=0.395 s, total=318.653 s; sync files=21, longest=0.140 s, average=0.018 s; distance=8814602 kB, estimate=8814639 kB
2018-02-18 01:16:54.980 CET [3104] LOG:  checkpoint starting: xlog
2018-02-18 01:22:54.703 CET [3104] LOG:  checkpoint complete: wrote 3006 buffers (2.3%); 0 WAL file(s) added, 537 removed, 1 recycled; write=358.785 s, sync=0.218 s, total=359.722 s; sync files=24, longest=0.061 s, average=0.009 s; distance=8814587 kB, estimate=8814634 kB
2018-02-18 01:23:57.418 CET [3104] LOG:  checkpoint starting: xlog
2018-02-18 01:30:25.292 CET [3104] LOG:  checkpoint complete: wrote 2692 buffers (2.1%); 0 WAL file(s) added, 537 removed, 1 recycled; write=386.623 s, sync=0.561 s, total=387.873 s; sync files=23, longest=0.055 s, average=0.024 s; distance=8814591 kB, estimate=8814629 kB
2018-02-18 01:31:19.872 CET [3104] LOG:  checkpoint starting: xlog
2018-02-18 01:36:30.332 CET [3104] LOG:  checkpoint complete: wrote 3633 buffers (2.8%); 0 WAL file(s) added, 537 removed, 1 recycled; write=309.622 s, sync=0.056 s, total=310.459 s; sync files=20, longest=0.014 s, average=0.002 s; distance=8814642 kB, estimate=8814642 kB
2018-02-18 01:37:22.503 CET [3104] LOG:  checkpoint starting: xlog
2018-02-18 01:43:18.808 CET [3104] LOG:  checkpoint complete: wrote 3065 buffers (2.3%); 0 WAL file(s) added, 537 removed, 1 recycled; write=355.481 s, sync=0.095 s, total=356.304 s; sync files=23, longest=0.018 s, average=0.004 s; distance=8814613 kB, estimate=8814640 kB
2018-02-18 01:44:18.764 CET [3104] LOG:  checkpoint starting: xlog
2018-02-18 01:50:31.841 CET [3104] LOG:  checkpoint complete: wrote 2768 buffers (2.1%); 0 WAL file(s) added, 537 removed, 1 recycled; write=372.303 s, sync=0.039 s, total=373.076 s; sync files=25, longest=0.011 s, average=0.001 s; distance=8814551 kB, estimate=8814631 kB
2018-02-18 01:51:28.704 CET [3104] LOG:  checkpoint starting: xlog
2018-02-18 01:56:44.252 CET [3104] LOG:  checkpoint complete: wrote 3231 buffers (2.5%); 0 WAL file(s) added, 537 removed, 1 recycled; write=314.220 s, sync=0.564 s, total=315.548 s; sync files=23, longest=0.180 s, average=0.024 s; distance=8814559 kB, estimate=8814624 kB
2018-02-18 01:57:36.270 CET [3104] LOG:  checkpoint starting: xlog
2018-02-18 02:03:28.949 CET [3104] LOG:  checkpoint complete: wrote 2975 buffers (2.3%); 0 WAL file(s) added, 537 removed, 1 recycled; write=351.378 s, sync=0.568 s, total=352.678 s; sync files=20, longest=0.191 s, average=0.028 s; distance=8814592 kB, estimate=8814620 kB
2018-02-18 02:04:29.480 CET [3104] LOG:  checkpoint starting: xlog
2018-02-18 02:10:42.371 CET [3104] LOG:  checkpoint complete: wrote 2680 buffers (2.0%); 0 WAL file(s) added, 537 removed, 1 recycled; write=372.003 s, sync=0.148 s, total=372.890 s; sync files=25, longest=0.016 s, average=0.005 s; distance=8814595 kB, estimate=8814618 kB
2018-02-18 02:11:51.416 CET [3104] LOG:  checkpoint starting: xlog
2018-02-18 02:16:54.373 CET [3104] LOG:  checkpoint complete: wrote 2700 buffers (2.1%); 0 WAL file(s) added, 537 removed, 1 recycled; write=301.795 s, sync=0.394 s, total=302.956 s; sync files=20, longest=0.132 s, average=0.019 s; distance=8814600 kB, estimate=8814616 kB
2018-02-18 02:17:43.865 CET [3104] LOG:  checkpoint starting: xlog
2018-02-18 02:20:38.351 CET [13364] FATAL:  terminating autovacuum process due to administrator command
2018-02-18 02:20:38.850 CET [3104] LOG:  checkpoint complete: wrote 3084 buffers (2.4%); 0 WAL file(s) added, 347 removed, 191 recycled; write=174.565 s, sync=0.000 s, total=174.984 s; sync files=0, longest=0.000 s, average=0.000 s; distance=8814575 kB, estimate=8814612 kB
2018-02-18 02:20:38.850 CET [3104] LOG:  checkpoint starting: immediate force wait
2018-02-18 02:20:39.067 CET [3104] LOG:  checkpoint complete: wrote 1 buffers (0.0%); 0 WAL file(s) added, 0 removed, 294 recycled; write=0.001 s, sync=0.000 s, total=0.217 s; sync files=1, longest=0.000 s, average=0.000 s; distance=4830038 kB, estimate=8416155 kB
2018-02-18 02:35:38.113 CET [3104] LOG:  checkpoint starting: time
2018-02-18 02:35:38.124 CET [3104] LOG:  checkpoint complete: wrote 0 buffers (0.0%); 0 WAL file(s) added, 0 removed, 0 recycled; write=0.001 s, sync=0.000 s, total=0.011 s; sync files=1, longest=0.000 s, average=0.000 s; distance=0 kB, estimate=7574539 kB
2018-02-18 02:50:38.133 CET [3104] LOG:  checkpoint starting: time
2018-02-18 02:50:38.146 CET [3104] LOG:  checkpoint complete: wrote 0 buffers (0.0%); 0 WAL file(s) added, 0 removed, 0 recycled; write=0.001 s, sync=0.003 s, total=0.013 s; sync files=27, longest=0.000 s, average=0.000 s; distance=222 kB, estimate=6817107 kB
2018-02-18 04:50:38.725 CET [3104] LOG:  checkpoint starting: time
2018-02-18 04:50:38.754 CET [3104] LOG:  checkpoint complete: wrote 0 buffers (0.0%); 0 WAL file(s) added, 0 removed, 0 recycled; write=0.001 s, sync=0.015 s, total=0.029 s; sync files=23, longest=0.001 s, average=0.000 s; distance=122 kB, estimate=6135409 kB
2018-02-18 05:05:38.854 CET [3104] LOG:  checkpoint starting: time
2018-02-18 05:05:38.871 CET [3104] LOG:  checkpoint complete: wrote 0 buffers (0.0%); 0 WAL file(s) added, 0 removed, 0 recycled; write=0.001 s, sync=0.002 s, total=0.016 s; sync files=22, longest=0.000 s, average=0.000 s; distance=199 kB, estimate=5521888 kB
2018-02-18 05:20:38.971 CET [3104] LOG:  checkpoint starting: time
2018-02-18 05:20:38.976 CET [3104] LOG:  checkpoint complete: wrote 0 buffers (0.0%); 0 WAL file(s) added, 0 removed, 0 recycled; write=0.001 s, sync=0.000 s, total=0.004 s; sync files=2, longest=0.000 s, average=0.000 s; distance=13 kB, estimate=4969700 kB
2018-02-18 15:42:38.243 CET [3102] LOG:  received smart shutdown request
2018-02-18 15:42:38.244 CET [3102] LOG:  background worker "logical replication launcher" (PID 3109) exited with exit code 1
2018-02-18 15:42:38.256 CET [3104] LOG:  shutting down
2018-02-18 15:42:38.257 CET [3104] LOG:  checkpoint starting: shutdown immediate
2018-02-18 15:42:38.263 CET [3104] LOG:  checkpoint complete: wrote 0 buffers (0.0%); 0 WAL file(s) added, 0 removed, 0 recycled; write=0.001 s, sync=0.000 s, total=0.007 s; sync files=0, longest=0.000 s, average=0.000 s; distance=0 kB, estimate=4472730 kB
2018-02-18 15:42:38.337 CET [3102] LOG:  database system is shut down
